<?xml version="1.0" encoding="UTF-8"?>
<!-- Generated by org.testng.reporters.JUnitReportReporter -->
<testsuite hostname="tblr-lws-119" failures="0" tests="1" name="com.example.playwright.AddToCartTest" time="15.105" errors="1" timestamp="2024-11-13T14:00:00 IST" skipped="0">
  <testcase classname="com.example.playwright.AddToCartTest" name="searchAndAddToCartTest" time="15.105">
    <error message="Error {
  message=&#039;Timeout 5000ms exceeded.
  name=&#039;TimeoutError
  stack=&#039;TimeoutError: Timeout 5000ms exceeded.
    at ProgressController.run (/tmp/playwright-java-14524698968352094589/package/lib/server/progress.js:78:26)
    at Frame.click (/tmp/playwright-java-14524698968352094589/package/lib/server/frames.js:1013:23)
    at FrameDispatcher.click (/tmp/playwright-java-14524698968352094589/package/lib/server/dispatchers/frameDispatcher.js:157:30)
    at FrameDispatcher._handleCommand (/tmp/playwright-java-14524698968352094589/package/lib/server/dispatchers/dispatcher.js:94:40)
    at DispatcherConnection.dispatch (/tmp/playwright-java-14524698968352094589/package/lib/server/dispatchers/dispatcher.js:361:39)
}
Call log:
- waiting for locator(&quot;body.a-aui_72554-c.a-aui_a11y_2_750578-t2.a-aui_a11y_6_837773-t2.a-aui_a11y_sr_678508-t1.a-aui_amzn_img_959719-t4.a-aui_amzn_img_gate_959718-t1.a-aui_killswitch_csa_logger_372963-c.a-aui_pci_risk_banner_210084-c.a-aui_template_weblab_cache_333406-c.a-aui_tnr_v2_180836-c.a-meter-animate:nth-child(2) div.a-container.sc-background-dark:nth-child(27) div.a-section.a-spacing-none.sc-fifteen-hundred-desktop-max-width:nth-child(5) div.a-fixed-right-flipped-grid:nth-child(6) div.a-fixed-right-grid-inner div.a-fixed-right-grid-col.a-col-right:nth-child(1) div.a-cardui.sc-card-style.sc-java-remote-feature.celwidget.sc-card-spacing-top-none div.a-cardui-body.a-scroller-none div.a-box-group.sc-buy-box-group:nth-child(1) div.a-section.sc-buy-box-inner-box:nth-child(9) span.celwidget:nth-child(3) span.a-button.a-button-normal.a-button-span12.a-button-primary:nth-child(1) span.a-button-inner &gt; input.a-button-input&quot;)
" type="com.microsoft.playwright.TimeoutError">
      <![CDATA[com.microsoft.playwright.TimeoutError: Error {
  message='Timeout 5000ms exceeded.
  name='TimeoutError
  stack='TimeoutError: Timeout 5000ms exceeded.
    at ProgressController.run (/tmp/playwright-java-14524698968352094589/package/lib/server/progress.js:78:26)
    at Frame.click (/tmp/playwright-java-14524698968352094589/package/lib/server/frames.js:1013:23)
    at FrameDispatcher.click (/tmp/playwright-java-14524698968352094589/package/lib/server/dispatchers/frameDispatcher.js:157:30)
    at FrameDispatcher._handleCommand (/tmp/playwright-java-14524698968352094589/package/lib/server/dispatchers/dispatcher.js:94:40)
    at DispatcherConnection.dispatch (/tmp/playwright-java-14524698968352094589/package/lib/server/dispatchers/dispatcher.js:361:39)
}
Call log:
- waiting for locator("body.a-aui_72554-c.a-aui_a11y_2_750578-t2.a-aui_a11y_6_837773-t2.a-aui_a11y_sr_678508-t1.a-aui_amzn_img_959719-t4.a-aui_amzn_img_gate_959718-t1.a-aui_killswitch_csa_logger_372963-c.a-aui_pci_risk_banner_210084-c.a-aui_template_weblab_cache_333406-c.a-aui_tnr_v2_180836-c.a-meter-animate:nth-child(2) div.a-container.sc-background-dark:nth-child(27) div.a-section.a-spacing-none.sc-fifteen-hundred-desktop-max-width:nth-child(5) div.a-fixed-right-flipped-grid:nth-child(6) div.a-fixed-right-grid-inner div.a-fixed-right-grid-col.a-col-right:nth-child(1) div.a-cardui.sc-card-style.sc-java-remote-feature.celwidget.sc-card-spacing-top-none div.a-cardui-body.a-scroller-none div.a-box-group.sc-buy-box-group:nth-child(1) div.a-section.sc-buy-box-inner-box:nth-child(9) span.celwidget:nth-child(3) span.a-button.a-button-normal.a-button-span12.a-button-primary:nth-child(1) span.a-button-inner > input.a-button-input")

at com.microsoft.playwright.impl.WaitableResult.get(WaitableResult.java:52)
at com.microsoft.playwright.impl.ChannelOwner.runUntil(ChannelOwner.java:120)
at com.microsoft.playwright.impl.Connection.sendMessage(Connection.java:130)
at com.microsoft.playwright.impl.ChannelOwner.sendMessage(ChannelOwner.java:106)
at com.microsoft.playwright.impl.FrameImpl.clickImpl(FrameImpl.java:252)
at com.microsoft.playwright.impl.PageImpl.lambda$click$18(PageImpl.java:682)
at com.microsoft.playwright.impl.LoggingSupport.lambda$withLogging$0(LoggingSupport.java:36)
at com.microsoft.playwright.impl.LoggingSupport.withLogging(LoggingSupport.java:47)
at com.microsoft.playwright.impl.ChannelOwner.withLogging(ChannelOwner.java:89)
at com.microsoft.playwright.impl.LoggingSupport.withLogging(LoggingSupport.java:35)
at com.microsoft.playwright.impl.PageImpl.click(PageImpl.java:681)
at com.microsoft.playwright.Page.click(Page.java:3902)
at com.example.playwright.AddToCartTest.searchAndAddToCartTest(AddToCartTest.java:48)
at java.base/jdk.internal.reflect.NativeMethodAccessorImpl.invoke0(Native Method)
at java.base/jdk.internal.reflect.NativeMethodAccessorImpl.invoke(NativeMethodAccessorImpl.java:77)
at java.base/jdk.internal.reflect.DelegatingMethodAccessorImpl.invoke(DelegatingMethodAccessorImpl.java:43)
at java.base/java.lang.reflect.Method.invoke(Method.java:568)
at org.testng.internal.invokers.MethodInvocationHelper.invokeMethod(MethodInvocationHelper.java:141)
at org.testng.internal.invokers.TestInvoker.invokeMethod(TestInvoker.java:686)
at org.testng.internal.invokers.TestInvoker.invokeTestMethod(TestInvoker.java:230)
at org.testng.internal.invokers.MethodRunner.runInSequence(MethodRunner.java:63)
at org.testng.internal.invokers.TestInvoker$MethodInvocationAgent.invoke(TestInvoker.java:992)
at org.testng.internal.invokers.TestInvoker.invokeTestMethods(TestInvoker.java:203)
at org.testng.internal.invokers.TestMethodWorker.invokeTestMethods(TestMethodWorker.java:154)
at org.testng.internal.invokers.TestMethodWorker.run(TestMethodWorker.java:134)
at java.base/java.util.ArrayList.forEach(ArrayList.java:1511)
at org.testng.TestRunner.privateRun(TestRunner.java:739)
at org.testng.TestRunner.run(TestRunner.java:614)
at org.testng.SuiteRunner.runTest(SuiteRunner.java:421)
at org.testng.SuiteRunner.runSequentially(SuiteRunner.java:413)
at org.testng.SuiteRunner.privateRun(SuiteRunner.java:373)
at org.testng.SuiteRunner.run(SuiteRunner.java:312)
at org.testng.SuiteRunnerWorker.runSuite(SuiteRunnerWorker.java:52)
at org.testng.SuiteRunnerWorker.run(SuiteRunnerWorker.java:95)
at org.testng.TestNG.runSuitesSequentially(TestNG.java:1274)
at org.testng.TestNG.runSuitesLocally(TestNG.java:1208)
at org.testng.TestNG.runSuites(TestNG.java:1112)
at org.testng.TestNG.run(TestNG.java:1079)
at org.testng.remote.AbstractRemoteTestNG.run(AbstractRemoteTestNG.java:115)
at org.testng.remote.RemoteTestNG.initAndRun(RemoteTestNG.java:293)
at org.testng.remote.RemoteTestNG.main(RemoteTestNG.java:91)
Caused by: com.microsoft.playwright.TimeoutError: Error {
  message='Timeout 5000ms exceeded.
  name='TimeoutError
  stack='TimeoutError: Timeout 5000ms exceeded.
    at ProgressController.run (/tmp/playwright-java-14524698968352094589/package/lib/server/progress.js:78:26)
    at Frame.click (/tmp/playwright-java-14524698968352094589/package/lib/server/frames.js:1013:23)
    at FrameDispatcher.click (/tmp/playwright-java-14524698968352094589/package/lib/server/dispatchers/frameDispatcher.js:157:30)
    at FrameDispatcher._handleCommand (/tmp/playwright-java-14524698968352094589/package/lib/server/dispatchers/dispatcher.js:94:40)
    at DispatcherConnection.dispatch (/tmp/playwright-java-14524698968352094589/package/lib/server/dispatchers/dispatcher.js:361:39)
}
Call log:
- waiting for locator("body.a-aui_72554-c.a-aui_a11y_2_750578-t2.a-aui_a11y_6_837773-t2.a-aui_a11y_sr_678508-t1.a-aui_amzn_img_959719-t4.a-aui_amzn_img_gate_959718-t1.a-aui_killswitch_csa_logger_372963-c.a-aui_pci_risk_banner_210084-c.a-aui_template_weblab_cache_333406-c.a-aui_tnr_v2_180836-c.a-meter-animate:nth-child(2) div.a-container.sc-background-dark:nth-child(27) div.a-section.a-spacing-none.sc-fifteen-hundred-desktop-max-width:nth-child(5) div.a-fixed-right-flipped-grid:nth-child(6) div.a-fixed-right-grid-inner div.a-fixed-right-grid-col.a-col-right:nth-child(1) div.a-cardui.sc-card-style.sc-java-remote-feature.celwidget.sc-card-spacing-top-none div.a-cardui-body.a-scroller-none div.a-box-group.sc-buy-box-group:nth-child(1) div.a-section.sc-buy-box-inner-box:nth-child(9) span.celwidget:nth-child(3) span.a-button.a-button-normal.a-button-span12.a-button-primary:nth-child(1) span.a-button-inner > input.a-button-input")

at com.microsoft.playwright.impl.Connection.dispatch(Connection.java:254)
at com.microsoft.playwright.impl.Connection.processOneMessage(Connection.java:211)
at com.microsoft.playwright.impl.ChannelOwner.runUntil(ChannelOwner.java:118)
... 39 more
]]>
    </error>
  </testcase> <!-- searchAndAddToCartTest -->
</testsuite> <!-- com.example.playwright.AddToCartTest -->
