<?xml version="1.0" encoding="UTF-8"?>
<!-- Generated by org.testng.reporters.JUnitReportReporter -->
<testsuite hostname="tblr-lws-119" failures="0" tests="6" name="com.example.playwright.LoginTest" time="34.321" errors="2" timestamp="2024-10-15T15:32:36 IST" skipped="0">
  <testcase classname="com.example.playwright.LoginTest" name="loginWithInvalidCredentials" time="4.116"/>
  <testcase classname="com.example.playwright.LoginTest" name="loginWithInvalidCredentials" time="3.756"/>
  <testcase classname="com.example.playwright.LoginTest" name="loginWithEmptyFields" time="2.235">
    <error message="Error {
  message=&#039;Error: strict mode violation: locator(&quot;text=Enter your email or mobile phone number&quot;) resolved to 3 elements:
    1) &lt;span id=&quot;emailErrorAnnounce&quot;&gt;↵  Enter your email or mobile phone number↵&lt;/span&gt; aka getByText(&quot;Enter your email or mobile&quot;).first()
    2) &lt;span id=&quot;emailErrorAnnounce&quot;&gt;↵                Enter your email or mobile phone…&lt;/span&gt; aka locator(&quot;form[name=\&quot;signIn\&quot;] #emailErrorAnnounce&quot;)
    3) &lt;div class=&quot;a-alert-content&quot;&gt;↵  Enter your email or mobile phone number↵&lt;/div&gt; aka locator(&quot;#auth-email-missing-alert&quot;).getByText(&quot;Enter your email or mobile&quot;)

  name=&#039;Error
  stack=&#039;Error: Error: strict mode violation: locator(&quot;text=Enter your email or mobile phone number&quot;) resolved to 3 elements:
    1) &lt;span id=&quot;emailErrorAnnounce&quot;&gt;↵  Enter your email or mobile phone number↵&lt;/span&gt; aka getByText(&quot;Enter your email or mobile&quot;).first()
    2) &lt;span id=&quot;emailErrorAnnounce&quot;&gt;↵                Enter your email or mobile phone…&lt;/span&gt; aka locator(&quot;form[name=\&quot;signIn\&quot;] #emailErrorAnnounce&quot;)
    3) &lt;div class=&quot;a-alert-content&quot;&gt;↵  Enter your email or mobile phone number↵&lt;/div&gt; aka locator(&quot;#auth-email-missing-alert&quot;).getByText(&quot;Enter your email or mobile&quot;)

    at CRExecutionContext.evaluateWithArguments (/tmp/playwright-java-422091510343734095/package/lib/server/chromium/crExecutionContext.js:92:33)
    at async LongStandingScope._race (/tmp/playwright-java-422091510343734095/package/lib/utils/manualPromise.js:96:14)
    at async evaluateExpression (/tmp/playwright-java-422091510343734095/package/lib/server/javascript.js:242:12)
    at async /tmp/playwright-java-422091510343734095/package/lib/server/frames.js:1474:13
    at async Frame.retryWithProgressAndTimeouts (/tmp/playwright-java-422091510343734095/package/lib/server/frames.js:929:24)
    at async ProgressController.run (/tmp/playwright-java-422091510343734095/package/lib/server/progress.js:82:22)
    at async FrameDispatcher.textContent (/tmp/playwright-java-422091510343734095/package/lib/server/dispatchers/frameDispatcher.js:178:19)
    at async LongStandingScope._race (/tmp/playwright-java-422091510343734095/package/lib/utils/manualPromise.js:96:14)
    at async FrameDispatcher._handleCommand (/tmp/playwright-java-422091510343734095/package/lib/server/dispatchers/dispatcher.js:96:14)
    at async DispatcherConnection.dispatch (/tmp/playwright-java-422091510343734095/package/lib/server/dispatchers/dispatcher.js:361:22)
}
Call log:
- waiting for locator(&quot;text=Enter your email or mobile phone number&quot;)
" type="com.microsoft.playwright.PlaywrightException">
      <![CDATA[com.microsoft.playwright.PlaywrightException: Error {
  message='Error: strict mode violation: locator("text=Enter your email or mobile phone number") resolved to 3 elements:
    1) <span id="emailErrorAnnounce">↵  Enter your email or mobile phone number↵</span> aka getByText("Enter your email or mobile").first()
    2) <span id="emailErrorAnnounce">↵                Enter your email or mobile phone…</span> aka locator("form[name=\"signIn\"] #emailErrorAnnounce")
    3) <div class="a-alert-content">↵  Enter your email or mobile phone number↵</div> aka locator("#auth-email-missing-alert").getByText("Enter your email or mobile")

  name='Error
  stack='Error: Error: strict mode violation: locator("text=Enter your email or mobile phone number") resolved to 3 elements:
    1) <span id="emailErrorAnnounce">↵  Enter your email or mobile phone number↵</span> aka getByText("Enter your email or mobile").first()
    2) <span id="emailErrorAnnounce">↵                Enter your email or mobile phone…</span> aka locator("form[name=\"signIn\"] #emailErrorAnnounce")
    3) <div class="a-alert-content">↵  Enter your email or mobile phone number↵</div> aka locator("#auth-email-missing-alert").getByText("Enter your email or mobile")

    at CRExecutionContext.evaluateWithArguments (/tmp/playwright-java-422091510343734095/package/lib/server/chromium/crExecutionContext.js:92:33)
    at async LongStandingScope._race (/tmp/playwright-java-422091510343734095/package/lib/utils/manualPromise.js:96:14)
    at async evaluateExpression (/tmp/playwright-java-422091510343734095/package/lib/server/javascript.js:242:12)
    at async /tmp/playwright-java-422091510343734095/package/lib/server/frames.js:1474:13
    at async Frame.retryWithProgressAndTimeouts (/tmp/playwright-java-422091510343734095/package/lib/server/frames.js:929:24)
    at async ProgressController.run (/tmp/playwright-java-422091510343734095/package/lib/server/progress.js:82:22)
    at async FrameDispatcher.textContent (/tmp/playwright-java-422091510343734095/package/lib/server/dispatchers/frameDispatcher.js:178:19)
    at async LongStandingScope._race (/tmp/playwright-java-422091510343734095/package/lib/utils/manualPromise.js:96:14)
    at async FrameDispatcher._handleCommand (/tmp/playwright-java-422091510343734095/package/lib/server/dispatchers/dispatcher.js:96:14)
    at async DispatcherConnection.dispatch (/tmp/playwright-java-422091510343734095/package/lib/server/dispatchers/dispatcher.js:361:22)
}
Call log:
- waiting for locator("text=Enter your email or mobile phone number")

at com.microsoft.playwright.impl.WaitableResult.get(WaitableResult.java:56)
at com.microsoft.playwright.impl.ChannelOwner.runUntil(ChannelOwner.java:120)
at com.microsoft.playwright.impl.Connection.sendMessage(Connection.java:130)
at com.microsoft.playwright.impl.ChannelOwner.sendMessage(ChannelOwner.java:106)
at com.microsoft.playwright.impl.FrameImpl.textContentImpl(FrameImpl.java:818)
at com.microsoft.playwright.impl.FrameImpl.lambda$textContent$38(FrameImpl.java:809)
at com.microsoft.playwright.impl.LoggingSupport.withLogging(LoggingSupport.java:47)
at com.microsoft.playwright.impl.ChannelOwner.withLogging(ChannelOwner.java:89)
at com.microsoft.playwright.impl.FrameImpl.textContent(FrameImpl.java:809)
at com.microsoft.playwright.impl.LocatorImpl.textContent(LocatorImpl.java:591)
at com.microsoft.playwright.Locator.textContent(Locator.java:5179)
at com.example.playwright.LoginTest.loginWithEmptyFields(LoginTest.java:38)
at java.base/jdk.internal.reflect.NativeMethodAccessorImpl.invoke0(Native Method)
at java.base/jdk.internal.reflect.NativeMethodAccessorImpl.invoke(NativeMethodAccessorImpl.java:77)
at java.base/jdk.internal.reflect.DelegatingMethodAccessorImpl.invoke(DelegatingMethodAccessorImpl.java:43)
at java.base/java.lang.reflect.Method.invoke(Method.java:568)
at org.testng.internal.invokers.MethodInvocationHelper.invokeMethod(MethodInvocationHelper.java:141)
at org.testng.internal.invokers.TestInvoker.invokeMethod(TestInvoker.java:686)
at org.testng.internal.invokers.TestInvoker.invokeTestMethod(TestInvoker.java:230)
at org.testng.internal.invokers.MethodRunner.runInSequence(MethodRunner.java:63)
at org.testng.internal.invokers.TestInvoker$MethodInvocationAgent.invoke(TestInvoker.java:992)
at org.testng.internal.invokers.TestInvoker.invokeTestMethods(TestInvoker.java:203)
at org.testng.internal.invokers.TestMethodWorker.invokeTestMethods(TestMethodWorker.java:154)
at org.testng.internal.invokers.TestMethodWorker.run(TestMethodWorker.java:134)
at java.base/java.util.ArrayList.forEach(ArrayList.java:1511)
at org.testng.TestRunner.privateRun(TestRunner.java:739)
at org.testng.TestRunner.run(TestRunner.java:614)
at org.testng.SuiteRunner.runTest(SuiteRunner.java:421)
at org.testng.SuiteRunner.runSequentially(SuiteRunner.java:413)
at org.testng.SuiteRunner.privateRun(SuiteRunner.java:373)
at org.testng.SuiteRunner.run(SuiteRunner.java:312)
at org.testng.SuiteRunnerWorker.runSuite(SuiteRunnerWorker.java:52)
at org.testng.SuiteRunnerWorker.run(SuiteRunnerWorker.java:95)
at org.testng.TestNG.runSuitesSequentially(TestNG.java:1274)
at org.testng.TestNG.runSuitesLocally(TestNG.java:1208)
at org.testng.TestNG.runSuites(TestNG.java:1112)
at org.testng.TestNG.run(TestNG.java:1079)
at org.testng.remote.AbstractRemoteTestNG.run(AbstractRemoteTestNG.java:115)
at org.testng.remote.RemoteTestNG.initAndRun(RemoteTestNG.java:293)
at org.testng.remote.RemoteTestNG.main(RemoteTestNG.java:91)
Caused by: com.microsoft.playwright.impl.DriverException: Error {
  message='Error: strict mode violation: locator("text=Enter your email or mobile phone number") resolved to 3 elements:
    1) <span id="emailErrorAnnounce">↵  Enter your email or mobile phone number↵</span> aka getByText("Enter your email or mobile").first()
    2) <span id="emailErrorAnnounce">↵                Enter your email or mobile phone…</span> aka locator("form[name=\"signIn\"] #emailErrorAnnounce")
    3) <div class="a-alert-content">↵  Enter your email or mobile phone number↵</div> aka locator("#auth-email-missing-alert").getByText("Enter your email or mobile")

  name='Error
  stack='Error: Error: strict mode violation: locator("text=Enter your email or mobile phone number") resolved to 3 elements:
    1) <span id="emailErrorAnnounce">↵  Enter your email or mobile phone number↵</span> aka getByText("Enter your email or mobile").first()
    2) <span id="emailErrorAnnounce">↵                Enter your email or mobile phone…</span> aka locator("form[name=\"signIn\"] #emailErrorAnnounce")
    3) <div class="a-alert-content">↵  Enter your email or mobile phone number↵</div> aka locator("#auth-email-missing-alert").getByText("Enter your email or mobile")

    at CRExecutionContext.evaluateWithArguments (/tmp/playwright-java-422091510343734095/package/lib/server/chromium/crExecutionContext.js:92:33)
    at async LongStandingScope._race (/tmp/playwright-java-422091510343734095/package/lib/utils/manualPromise.js:96:14)
    at async evaluateExpression (/tmp/playwright-java-422091510343734095/package/lib/server/javascript.js:242:12)
    at async /tmp/playwright-java-422091510343734095/package/lib/server/frames.js:1474:13
    at async Frame.retryWithProgressAndTimeouts (/tmp/playwright-java-422091510343734095/package/lib/server/frames.js:929:24)
    at async ProgressController.run (/tmp/playwright-java-422091510343734095/package/lib/server/progress.js:82:22)
    at async FrameDispatcher.textContent (/tmp/playwright-java-422091510343734095/package/lib/server/dispatchers/frameDispatcher.js:178:19)
    at async LongStandingScope._race (/tmp/playwright-java-422091510343734095/package/lib/utils/manualPromise.js:96:14)
    at async FrameDispatcher._handleCommand (/tmp/playwright-java-422091510343734095/package/lib/server/dispatchers/dispatcher.js:96:14)
    at async DispatcherConnection.dispatch (/tmp/playwright-java-422091510343734095/package/lib/server/dispatchers/dispatcher.js:361:22)
}
Call log:
- waiting for locator("text=Enter your email or mobile phone number")

at com.microsoft.playwright.impl.Connection.dispatch(Connection.java:259)
at com.microsoft.playwright.impl.Connection.processOneMessage(Connection.java:211)
at com.microsoft.playwright.impl.ChannelOwner.runUntil(ChannelOwner.java:118)
... 38 more
]]>
    </error>
  </testcase> <!-- loginWithEmptyFields -->
  <testcase classname="com.example.playwright.LoginTest" name="loginWithEmptyFields" time="2.283">
    <error message="Error {
  message=&#039;Error: strict mode violation: locator(&quot;text=Enter your email or mobile phone number&quot;) resolved to 3 elements:
    1) &lt;span id=&quot;emailErrorAnnounce&quot;&gt;↵  Enter your email or mobile phone number↵&lt;/span&gt; aka getByText(&quot;Enter your email or mobile&quot;).first()
    2) &lt;span id=&quot;emailErrorAnnounce&quot;&gt;↵                Enter your email or mobile phone…&lt;/span&gt; aka locator(&quot;form[name=\&quot;signIn\&quot;] #emailErrorAnnounce&quot;)
    3) &lt;div class=&quot;a-alert-content&quot;&gt;↵  Enter your email or mobile phone number↵&lt;/div&gt; aka locator(&quot;#auth-email-missing-alert&quot;).getByText(&quot;Enter your email or mobile&quot;)

  name=&#039;Error
  stack=&#039;Error: Error: strict mode violation: locator(&quot;text=Enter your email or mobile phone number&quot;) resolved to 3 elements:
    1) &lt;span id=&quot;emailErrorAnnounce&quot;&gt;↵  Enter your email or mobile phone number↵&lt;/span&gt; aka getByText(&quot;Enter your email or mobile&quot;).first()
    2) &lt;span id=&quot;emailErrorAnnounce&quot;&gt;↵                Enter your email or mobile phone…&lt;/span&gt; aka locator(&quot;form[name=\&quot;signIn\&quot;] #emailErrorAnnounce&quot;)
    3) &lt;div class=&quot;a-alert-content&quot;&gt;↵  Enter your email or mobile phone number↵&lt;/div&gt; aka locator(&quot;#auth-email-missing-alert&quot;).getByText(&quot;Enter your email or mobile&quot;)

    at checkException (/tmp/playwright-java-422091510343734095/package/lib/server/firefox/ffExecutionContext.js:111:121)
    at FFExecutionContext.evaluateWithArguments (/tmp/playwright-java-422091510343734095/package/lib/server/firefox/ffExecutionContext.js:82:5)
    at async LongStandingScope._race (/tmp/playwright-java-422091510343734095/package/lib/utils/manualPromise.js:96:14)
    at async evaluateExpression (/tmp/playwright-java-422091510343734095/package/lib/server/javascript.js:242:12)
    at async /tmp/playwright-java-422091510343734095/package/lib/server/frames.js:1474:13
    at async Frame.retryWithProgressAndTimeouts (/tmp/playwright-java-422091510343734095/package/lib/server/frames.js:929:24)
    at async ProgressController.run (/tmp/playwright-java-422091510343734095/package/lib/server/progress.js:82:22)
    at async FrameDispatcher.textContent (/tmp/playwright-java-422091510343734095/package/lib/server/dispatchers/frameDispatcher.js:178:19)
    at async LongStandingScope._race (/tmp/playwright-java-422091510343734095/package/lib/utils/manualPromise.js:96:14)
    at async FrameDispatcher._handleCommand (/tmp/playwright-java-422091510343734095/package/lib/server/dispatchers/dispatcher.js:96:14)
}
Call log:
- waiting for locator(&quot;text=Enter your email or mobile phone number&quot;)
" type="com.microsoft.playwright.PlaywrightException">
      <![CDATA[com.microsoft.playwright.PlaywrightException: Error {
  message='Error: strict mode violation: locator("text=Enter your email or mobile phone number") resolved to 3 elements:
    1) <span id="emailErrorAnnounce">↵  Enter your email or mobile phone number↵</span> aka getByText("Enter your email or mobile").first()
    2) <span id="emailErrorAnnounce">↵                Enter your email or mobile phone…</span> aka locator("form[name=\"signIn\"] #emailErrorAnnounce")
    3) <div class="a-alert-content">↵  Enter your email or mobile phone number↵</div> aka locator("#auth-email-missing-alert").getByText("Enter your email or mobile")

  name='Error
  stack='Error: Error: strict mode violation: locator("text=Enter your email or mobile phone number") resolved to 3 elements:
    1) <span id="emailErrorAnnounce">↵  Enter your email or mobile phone number↵</span> aka getByText("Enter your email or mobile").first()
    2) <span id="emailErrorAnnounce">↵                Enter your email or mobile phone…</span> aka locator("form[name=\"signIn\"] #emailErrorAnnounce")
    3) <div class="a-alert-content">↵  Enter your email or mobile phone number↵</div> aka locator("#auth-email-missing-alert").getByText("Enter your email or mobile")

    at checkException (/tmp/playwright-java-422091510343734095/package/lib/server/firefox/ffExecutionContext.js:111:121)
    at FFExecutionContext.evaluateWithArguments (/tmp/playwright-java-422091510343734095/package/lib/server/firefox/ffExecutionContext.js:82:5)
    at async LongStandingScope._race (/tmp/playwright-java-422091510343734095/package/lib/utils/manualPromise.js:96:14)
    at async evaluateExpression (/tmp/playwright-java-422091510343734095/package/lib/server/javascript.js:242:12)
    at async /tmp/playwright-java-422091510343734095/package/lib/server/frames.js:1474:13
    at async Frame.retryWithProgressAndTimeouts (/tmp/playwright-java-422091510343734095/package/lib/server/frames.js:929:24)
    at async ProgressController.run (/tmp/playwright-java-422091510343734095/package/lib/server/progress.js:82:22)
    at async FrameDispatcher.textContent (/tmp/playwright-java-422091510343734095/package/lib/server/dispatchers/frameDispatcher.js:178:19)
    at async LongStandingScope._race (/tmp/playwright-java-422091510343734095/package/lib/utils/manualPromise.js:96:14)
    at async FrameDispatcher._handleCommand (/tmp/playwright-java-422091510343734095/package/lib/server/dispatchers/dispatcher.js:96:14)
}
Call log:
- waiting for locator("text=Enter your email or mobile phone number")

at com.microsoft.playwright.impl.WaitableResult.get(WaitableResult.java:56)
at com.microsoft.playwright.impl.ChannelOwner.runUntil(ChannelOwner.java:120)
at com.microsoft.playwright.impl.Connection.sendMessage(Connection.java:130)
at com.microsoft.playwright.impl.ChannelOwner.sendMessage(ChannelOwner.java:106)
at com.microsoft.playwright.impl.FrameImpl.textContentImpl(FrameImpl.java:818)
at com.microsoft.playwright.impl.FrameImpl.lambda$textContent$38(FrameImpl.java:809)
at com.microsoft.playwright.impl.LoggingSupport.withLogging(LoggingSupport.java:47)
at com.microsoft.playwright.impl.ChannelOwner.withLogging(ChannelOwner.java:89)
at com.microsoft.playwright.impl.FrameImpl.textContent(FrameImpl.java:809)
at com.microsoft.playwright.impl.LocatorImpl.textContent(LocatorImpl.java:591)
at com.microsoft.playwright.Locator.textContent(Locator.java:5179)
at com.example.playwright.LoginTest.loginWithEmptyFields(LoginTest.java:38)
at java.base/jdk.internal.reflect.NativeMethodAccessorImpl.invoke0(Native Method)
at java.base/jdk.internal.reflect.NativeMethodAccessorImpl.invoke(NativeMethodAccessorImpl.java:77)
at java.base/jdk.internal.reflect.DelegatingMethodAccessorImpl.invoke(DelegatingMethodAccessorImpl.java:43)
at java.base/java.lang.reflect.Method.invoke(Method.java:568)
at org.testng.internal.invokers.MethodInvocationHelper.invokeMethod(MethodInvocationHelper.java:141)
at org.testng.internal.invokers.TestInvoker.invokeMethod(TestInvoker.java:686)
at org.testng.internal.invokers.TestInvoker.invokeTestMethod(TestInvoker.java:230)
at org.testng.internal.invokers.MethodRunner.runInSequence(MethodRunner.java:63)
at org.testng.internal.invokers.TestInvoker$MethodInvocationAgent.invoke(TestInvoker.java:992)
at org.testng.internal.invokers.TestInvoker.invokeTestMethods(TestInvoker.java:203)
at org.testng.internal.invokers.TestMethodWorker.invokeTestMethods(TestMethodWorker.java:154)
at org.testng.internal.invokers.TestMethodWorker.run(TestMethodWorker.java:134)
at java.base/java.util.ArrayList.forEach(ArrayList.java:1511)
at org.testng.TestRunner.privateRun(TestRunner.java:739)
at org.testng.TestRunner.run(TestRunner.java:614)
at org.testng.SuiteRunner.runTest(SuiteRunner.java:421)
at org.testng.SuiteRunner.runSequentially(SuiteRunner.java:413)
at org.testng.SuiteRunner.privateRun(SuiteRunner.java:373)
at org.testng.SuiteRunner.run(SuiteRunner.java:312)
at org.testng.SuiteRunnerWorker.runSuite(SuiteRunnerWorker.java:52)
at org.testng.SuiteRunnerWorker.run(SuiteRunnerWorker.java:95)
at org.testng.TestNG.runSuitesSequentially(TestNG.java:1274)
at org.testng.TestNG.runSuitesLocally(TestNG.java:1208)
at org.testng.TestNG.runSuites(TestNG.java:1112)
at org.testng.TestNG.run(TestNG.java:1079)
at org.testng.remote.AbstractRemoteTestNG.run(AbstractRemoteTestNG.java:115)
at org.testng.remote.RemoteTestNG.initAndRun(RemoteTestNG.java:293)
at org.testng.remote.RemoteTestNG.main(RemoteTestNG.java:91)
Caused by: com.microsoft.playwright.impl.DriverException: Error {
  message='Error: strict mode violation: locator("text=Enter your email or mobile phone number") resolved to 3 elements:
    1) <span id="emailErrorAnnounce">↵  Enter your email or mobile phone number↵</span> aka getByText("Enter your email or mobile").first()
    2) <span id="emailErrorAnnounce">↵                Enter your email or mobile phone…</span> aka locator("form[name=\"signIn\"] #emailErrorAnnounce")
    3) <div class="a-alert-content">↵  Enter your email or mobile phone number↵</div> aka locator("#auth-email-missing-alert").getByText("Enter your email or mobile")

  name='Error
  stack='Error: Error: strict mode violation: locator("text=Enter your email or mobile phone number") resolved to 3 elements:
    1) <span id="emailErrorAnnounce">↵  Enter your email or mobile phone number↵</span> aka getByText("Enter your email or mobile").first()
    2) <span id="emailErrorAnnounce">↵                Enter your email or mobile phone…</span> aka locator("form[name=\"signIn\"] #emailErrorAnnounce")
    3) <div class="a-alert-content">↵  Enter your email or mobile phone number↵</div> aka locator("#auth-email-missing-alert").getByText("Enter your email or mobile")

    at checkException (/tmp/playwright-java-422091510343734095/package/lib/server/firefox/ffExecutionContext.js:111:121)
    at FFExecutionContext.evaluateWithArguments (/tmp/playwright-java-422091510343734095/package/lib/server/firefox/ffExecutionContext.js:82:5)
    at async LongStandingScope._race (/tmp/playwright-java-422091510343734095/package/lib/utils/manualPromise.js:96:14)
    at async evaluateExpression (/tmp/playwright-java-422091510343734095/package/lib/server/javascript.js:242:12)
    at async /tmp/playwright-java-422091510343734095/package/lib/server/frames.js:1474:13
    at async Frame.retryWithProgressAndTimeouts (/tmp/playwright-java-422091510343734095/package/lib/server/frames.js:929:24)
    at async ProgressController.run (/tmp/playwright-java-422091510343734095/package/lib/server/progress.js:82:22)
    at async FrameDispatcher.textContent (/tmp/playwright-java-422091510343734095/package/lib/server/dispatchers/frameDispatcher.js:178:19)
    at async LongStandingScope._race (/tmp/playwright-java-422091510343734095/package/lib/utils/manualPromise.js:96:14)
    at async FrameDispatcher._handleCommand (/tmp/playwright-java-422091510343734095/package/lib/server/dispatchers/dispatcher.js:96:14)
}
Call log:
- waiting for locator("text=Enter your email or mobile phone number")

at com.microsoft.playwright.impl.Connection.dispatch(Connection.java:259)
at com.microsoft.playwright.impl.Connection.processOneMessage(Connection.java:211)
at com.microsoft.playwright.impl.ChannelOwner.runUntil(ChannelOwner.java:118)
... 38 more
]]>
    </error>
  </testcase> <!-- loginWithEmptyFields -->
  <testcase classname="com.example.playwright.LoginTest" name="loginTest" time="10.798"/>
  <testcase classname="com.example.playwright.LoginTest" name="loginTest" time="11.133"/>
</testsuite> <!-- com.example.playwright.LoginTest -->
