<?xml version="1.0" encoding="UTF-8"?>
<!-- Generated by org.testng.reporters.JUnitReportReporter -->
<testsuite hostname="tblr-lws-119" failures="0" tests="3" name="com.example.playwright.LoginTest" time="23.404" errors="0" timestamp="2024-11-13T14:00:00 IST" skipped="0">
  <testcase classname="com.example.playwright.LoginTest" name="loginWithInvalidCredentials" time="4.299"/>
  <testcase classname="com.example.playwright.LoginTest" name="loginWithEmptyFields" time="7.413"/>
  <testcase classname="com.example.playwright.LoginTest" name="loginTest" time="11.692"/>
</testsuite> <!-- com.example.playwright.LoginTest -->
